Traceback (most recent call last):
  File "/home/okeren/RobustRL/test.py", line 255, in <module>
    grids = build_grids(args)
            ^^^^^^^^^^^^^^^^^
  File "/home/okeren/RobustRL/test.py", line 181, in build_grids
    raise ValueError(f"Bounds not defined for environment: {args.env_id}")
ValueError: Bounds not defined for environment: HalfCheetah-v4
Auto-selected 5 free GPU(s): ['0', '1', '2', '3', '4']  (free pool was ['0', '1', '2', '3', '4', '5'])
Launching 20 runs (2 scripts x 10 seeds), 5 at a time.
Seeds: [1, 2, 3, 4, 5, 6, 7, 8, 9, 10] | Scripts: ['ppo_agent.py', 'trainer.py']
GPUs: ['0', '1', '2', '3', '4'] (one run per GPU)
  reminder: each run also uses num_envs CPU workers - make sure you have the cores.
--> START ppo_agent_seed1 [GPU 0]  (log: train_logs/ppo_agent_seed1.log)
--> START trainer_seed1 [GPU 1]  (log: train_logs/trainer_seed1.log)
--> START ppo_agent_seed2 [GPU 2]  (log: train_logs/ppo_agent_seed2.log)
--> START trainer_seed2 [GPU 3]  (log: train_logs/trainer_seed2.log)
--> START ppo_agent_seed3 [GPU 4]  (log: train_logs/ppo_agent_seed3.log)
<-- DONE  ppo_agent_seed1: exit 1
<-- DONE  trainer_seed1: exit 1
<-- DONE  ppo_agent_seed2: exit 1
<-- DONE  trainer_seed2: exit 1
<-- DONE  ppo_agent_seed3: exit 1
--> START trainer_seed3 [GPU 0]  (log: train_logs/trainer_seed3.log)
--> START ppo_agent_seed4 [GPU 1]  (log: train_logs/ppo_agent_seed4.log)
--> START trainer_seed4 [GPU 2]  (log: train_logs/trainer_seed4.log)
--> START ppo_agent_seed5 [GPU 3]  (log: train_logs/ppo_agent_seed5.log)
--> START trainer_seed5 [GPU 4]  (log: train_logs/trainer_seed5.log)
<-- DONE  trainer_seed3: exit 1
<-- DONE  ppo_agent_seed4: exit 1
<-- DONE  trainer_seed4: exit 1
<-- DONE  ppo_agent_seed5: exit 1
<-- DONE  trainer_seed5: exit 1
--> START ppo_agent_seed6 [GPU 0]  (log: train_logs/ppo_agent_seed6.log)
--> START trainer_seed6 [GPU 1]  (log: train_logs/trainer_seed6.log)
--> START ppo_agent_seed7 [GPU 2]  (log: train_logs/ppo_agent_seed7.log)
--> START trainer_seed7 [GPU 3]  (log: train_logs/trainer_seed7.log)
--> START ppo_agent_seed8 [GPU 4]  (log: train_logs/ppo_agent_seed8.log)
<-- DONE  ppo_agent_seed6: exit 1
<-- DONE  trainer_seed6: exit 1
<-- DONE  ppo_agent_seed7: exit 1
<-- DONE  trainer_seed7: exit 1
<-- DONE  ppo_agent_seed8: exit 1
--> START trainer_seed8 [GPU 0]  (log: train_logs/trainer_seed8.log)
--> START ppo_agent_seed9 [GPU 1]  (log: train_logs/ppo_agent_seed9.log)
--> START trainer_seed9 [GPU 2]  (log: train_logs/trainer_seed9.log)
--> START ppo_agent_seed10 [GPU 3]  (log: train_logs/ppo_agent_seed10.log)
--> START trainer_seed10 [GPU 4]  (log: train_logs/trainer_seed10.log)
<-- DONE  trainer_seed8: exit 1
<-- DONE  ppo_agent_seed9: exit 1
<-- DONE  trainer_seed9: exit 1
<-- DONE  ppo_agent_seed10: exit 1
<-- DONE  trainer_seed10: exit 1

=== Summary ===
  FAIL  ppo_agent_seed1 (exit 1)
  FAIL  trainer_seed1 (exit 1)
  FAIL  ppo_agent_seed2 (exit 1)
  FAIL  trainer_seed2 (exit 1)
  FAIL  ppo_agent_seed3 (exit 1)
  FAIL  trainer_seed3 (exit 1)
  FAIL  ppo_agent_seed4 (exit 1)
  FAIL  trainer_seed4 (exit 1)
  FAIL  ppo_agent_seed5 (exit 1)
  FAIL  trainer_seed5 (exit 1)
  FAIL  ppo_agent_seed6 (exit 1)
  FAIL  trainer_seed6 (exit 1)
  FAIL  ppo_agent_seed7 (exit 1)
  FAIL  trainer_seed7 (exit 1)
  FAIL  ppo_agent_seed8 (exit 1)
  FAIL  trainer_seed8 (exit 1)
  FAIL  ppo_agent_seed9 (exit 1)
  FAIL  trainer_seed9 (exit 1)
  FAIL  ppo_agent_seed10 (exit 1)
  FAIL  trainer_seed10 (exit 1)

20 run(s) failed: ['ppo_agent_seed1', 'trainer_seed1', 'ppo_agent_seed2', 'trainer_seed2', 'ppo_agent_seed3', 'trainer_seed3', 'ppo_agent_seed4', 'trainer_seed4', 'ppo_agent_seed5', 'trainer_seed5', 'ppo_agent_seed6', 'trainer_seed6', 'ppo_agent_seed7', 'trainer_seed7', 'ppo_agent_seed8', 'trainer_seed8', 'ppo_agent_seed9', 'trainer_seed9', 'ppo_agent_seed10', 'trainer_seed10']

=== Training done. Running test.py ===
/home/okeren/anaconda3/bin/python test.py --gpus 0,1,2,3,4
Traceback (most recent call last):
  File "/home/okeren/RobustRL/test.py", line 255, in <module>
    grids = build_grids(args)
            ^^^^^^^^^^^^^^^^^
  File "/home/okeren/RobustRL/test.py", line 181, in build_grids
    raise ValueError(f"Bounds not defined for environment: {args.env_id}")
ValueError: Bounds not defined for environment: HalfCheetah-v4
Auto-selected 5 free GPU(s): ['0', '1', '2', '3', '4']  (free pool was ['0', '1', '2', '3', '4', '5'])
Launching 20 runs (2 scripts x 10 seeds), 5 at a time.
Seeds: [1, 2, 3, 4, 5, 6, 7, 8, 9, 10] | Scripts: ['ppo_agent.py', 'trainer.py']
GPUs: ['0', '1', '2', '3', '4'] (one run per GPU)
  reminder: each run also uses num_envs CPU workers - make sure you have the cores.
--> START ppo_agent_seed1 [GPU 0]  (log: train_logs/ppo_agent_seed1.log)
--> START trainer_seed1 [GPU 1]  (log: train_logs/trainer_seed1.log)
--> START ppo_agent_seed2 [GPU 2]  (log: train_logs/ppo_agent_seed2.log)
--> START trainer_seed2 [GPU 3]  (log: train_logs/trainer_seed2.log)
--> START ppo_agent_seed3 [GPU 4]  (log: train_logs/ppo_agent_seed3.log)
<-- DONE  ppo_agent_seed3: exit 0
--> START trainer_seed3 [GPU 4]  (log: train_logs/trainer_seed3.log)
<-- DONE  ppo_agent_seed2: exit 0
--> START ppo_agent_seed4 [GPU 2]  (log: train_logs/ppo_agent_seed4.log)
<-- DONE  ppo_agent_seed1: exit 0
--> START trainer_seed4 [GPU 0]  (log: train_logs/trainer_seed4.log)
<-- DONE  trainer_seed2: exit 0
--> START ppo_agent_seed5 [GPU 3]  (log: train_logs/ppo_agent_seed5.log)
<-- DONE  trainer_seed1: exit 0
--> START trainer_seed5 [GPU 1]  (log: train_logs/trainer_seed5.log)
<-- DONE  ppo_agent_seed4: exit 0
--> START ppo_agent_seed6 [GPU 2]  (log: train_logs/ppo_agent_seed6.log)
<-- DONE  trainer_seed3: exit 0
--> START trainer_seed6 [GPU 4]  (log: train_logs/trainer_seed6.log)
<-- DONE  ppo_agent_seed5: exit 0
--> START ppo_agent_seed7 [GPU 3]  (log: train_logs/ppo_agent_seed7.log)
<-- DONE  trainer_seed4: exit 0
--> START trainer_seed7 [GPU 0]  (log: train_logs/trainer_seed7.log)
<-- DONE  trainer_seed5: exit 0
--> START ppo_agent_seed8 [GPU 1]  (log: train_logs/ppo_agent_seed8.log)
<-- DONE  ppo_agent_seed6: exit 0
--> START trainer_seed8 [GPU 2]  (log: train_logs/trainer_seed8.log)
<-- DONE  ppo_agent_seed7: exit 0
--> START ppo_agent_seed9 [GPU 3]  (log: train_logs/ppo_agent_seed9.log)
<-- DONE  trainer_seed6: exit 0
--> START trainer_seed9 [GPU 4]  (log: train_logs/trainer_seed9.log)
<-- DONE  ppo_agent_seed8: exit 0
--> START ppo_agent_seed10 [GPU 1]  (log: train_logs/ppo_agent_seed10.log)
<-- DONE  trainer_seed7: exit 0
--> START trainer_seed10 [GPU 0]  (log: train_logs/trainer_seed10.log)
<-- DONE  trainer_seed8: exit 0
<-- DONE  ppo_agent_seed9: exit 0
<-- DONE  ppo_agent_seed10: exit 0
<-- DONE  trainer_seed9: exit 0
<-- DONE  trainer_seed10: exit 0

=== Summary ===
  OK    ppo_agent_seed3 (exit 0)
  OK    ppo_agent_seed2 (exit 0)
  OK    ppo_agent_seed1 (exit 0)
  OK    trainer_seed2 (exit 0)
  OK    trainer_seed1 (exit 0)
  OK    ppo_agent_seed4 (exit 0)
  OK    trainer_seed3 (exit 0)
  OK    ppo_agent_seed5 (exit 0)
  OK    trainer_seed4 (exit 0)
  OK    trainer_seed5 (exit 0)
  OK    ppo_agent_seed6 (exit 0)
  OK    ppo_agent_seed7 (exit 0)
  OK    trainer_seed6 (exit 0)
  OK    ppo_agent_seed8 (exit 0)
  OK    trainer_seed7 (exit 0)
  OK    trainer_seed8 (exit 0)
  OK    ppo_agent_seed9 (exit 0)
  OK    ppo_agent_seed10 (exit 0)
  OK    trainer_seed9 (exit 0)
  OK    trainer_seed10 (exit 0)

=== Training done. Running test.py ===
/home/okeren/anaconda3/envs/natanel/bin/python test.py --gpus 0,1,2,3,4
