wandb: [wandb.login()] Loaded credentials for https://api.wandb.ai from /home/okeren/.netrc.
wandb: Currently logged in as: uri-koren (uri-koren-technion-israel-institute-of-technology) to https://api.wandb.ai. Use `wandb login --relogin` to force relogin
wandb: Tracking run with wandb version 0.27.2
wandb: Run data is saved locally in /home/okeren/RobustRL/wandb/run-20260702_014850-rv3b9056
wandb: Run `wandb offline` to turn off syncing.
wandb: Syncing run HalfCheetah-v4__protagonist__7__1782971327
wandb: ⭐️ View project at https://wandb.ai/uri-koren-technion-israel-institute-of-technology/RobustRL
wandb: 🚀 View run at https://wandb.ai/uri-koren-technion-israel-institute-of-technology/RobustRL/runs/rv3b9056
/home/okeren/anaconda3/envs/natanel/lib/python3.11/site-packages/gymnasium/envs/registration.py:513: DeprecationWarning: [33mWARN: The environment HalfCheetah-v4 is out of date. You should consider upgrading to version `v5`.[0m
  logger.deprecation(
wandb: updating run metadata; uploading diff_8589548b9b764effc0494cb392be02782993bfd4.patch; uploading wandb-metadata.json; uploading requirements.txt; uploading code/trainer.py (+ 1 more)
wandb: uploading diff_8589548b9b764effc0494cb392be02782993bfd4.patch; uploading wandb-metadata.json; uploading code/trainer.py; uploading diff.patch; updating run metadata
wandb: uploading diff_8589548b9b764effc0494cb392be02782993bfd4.patch; uploading diff.patch; updating run metadata
wandb: updating run metadata
wandb: uploading output.log; uploading wandb-summary.json; uploading config.yaml; uploading runs/HalfCheetah-v4__protagonist__7__1782971327/events.out.tfevents.1782971331.CRML-RLRL2.1373907.0
wandb: uploading summary, console lines 0-6
wandb: 🚀 View run HalfCheetah-v4__protagonist__7__1782971327 at: https://wandb.ai/uri-koren-technion-israel-institute-of-technology/RobustRL/runs/rv3b9056
wandb: ⭐️ View project at: https://wandb.ai/uri-koren-technion-israel-institute-of-technology/RobustRL
wandb: Synced 8 W&B file(s), 0 media file(s), 0 artifact file(s) and 1 other file(s)
wandb: Find logs at: ./wandb/run-20260702_014850-rv3b9056/logs

--- Starting Training ---


--- Training Complete ---

