wandb: [wandb.login()] Loaded credentials for https://api.wandb.ai from /home/okeren/.netrc.
wandb: Currently logged in as: uri-koren (uri-koren-technion-israel-institute-of-technology) to https://api.wandb.ai. Use `wandb login --relogin` to force relogin
wandb: Tracking run with wandb version 0.27.2
wandb: Run data is saved locally in /home/okeren/RobustRL/wandb/run-20260618_004748-dqim2dio
wandb: Run `wandb offline` to turn off syncing.
wandb: Syncing run Walker2d-v5__protagonist__2__1781758066
wandb: ⭐️ View project at https://wandb.ai/uri-koren-technion-israel-institute-of-technology/RobustRL
wandb: 🚀 View run at https://wandb.ai/uri-koren-technion-israel-institute-of-technology/RobustRL/runs/dqim2dio
wandb: WARNING Step cannot be set when using tensorboard syncing. Please use `run.define_metric(...)` to define a custom metric to log your step values.

--- Starting Training ---

global_step=640, episodic_return=-0.4372292744261743
global_step=640, episodic_return=-1.3156058964488222
global_step=768, episodic_return=-2.808897714763179
global_step=768, episodic_return=-0.057195625429513286
global_step=768, episodic_return=1.0675232543102031
global_step=768, episodic_return=-3.8073756632554736
global_step=768, episodic_return=-4.2363592515204695
global_step=832, episodic_return=-2.396979374487833
global_step=832, episodic_return=-3.3144155632664924
global_step=832, episodic_return=-7.438409271023865
global_step=832, episodic_return=-1.9277330048380454
global_step=832, episodic_return=-2.2805238814211966
global_step=832, episodic_return=-2.6897899034319304
global_step=832, episodic_return=-2.139685555560986
global_step=832, episodic_return=-0.4294098111818816
global_step=832, episodic_return=-4.555622857083476
global_step=832, episodic_return=-6.679254429482197
global_step=896, episodic_return=-0.6343985073828515
global_step=896, episodic_return=-2.1242726255406312
global_step=896, episodic_return=3.2129812446024246
global_step=896, episodic_return=-1.5230197281794902
global_step=960, episodic_return=0.027871112226329542
global_step=960, episodic_return=-6.8833356407969175
global_step=960, episodic_return=-9.997660333429453
global_step=960, episodic_return=-2.552699040136683
global_step=960, episodic_return=-6.935147622928186
global_step=1024, episodic_return=-0.4808275841150974
global_step=1024, episodic_return=-5.302269838688018
global_step=1024, episodic_return=-0.5463368219792629
global_step=1088, episodic_return=-11.626932491938454
global_step=1088, episodic_return=-2.1103704941749393
global_step=1088, episodic_return=-1.127963919307349
global_step=1088, episodic_return=-0.9574555293701932
global_step=1216, episodic_return=5.987976157386304
global_step=1216, episodic_return=-6.014235861071472
global_step=1280, episodic_return=-2.493020623043031
global_step=1280, episodic_return=4.837274788941984
global_step=1280, episodic_return=-4.1192475930681685
global_step=1280, episodic_return=-7.573884428504438
global_step=1280, episodic_return=2.201194174594237
global_step=1344, episodic_return=5.379408628309792
global_step=1344, episodic_return=-0.21884652456707898
global_step=1344, episodic_return=-6.429235953396598
global_step=1344, episodic_return=-6.169957206459338
global_step=1344, episodic_return=-8.282843776081823
global_step=1408, episodic_return=-5.830791345897313
global_step=1408, episodic_return=-3.9003366289807184
global_step=1408, episodic_return=-5.467190948475025
global_step=1408, episodic_return=-5.184123743827436
global_step=1472, episodic_return=-3.090191883902908
global_step=1472, episodic_return=-7.070974807530473
global_step=1472, episodic_return=9.991083044244736
global_step=1536, episodic_return=11.242878816009993
global_step=1536, episodic_return=-2.2484644790676853
global_step=1536, episodic_return=-2.388647100642732
global_step=1536, episodic_return=8.35455808389013
global_step=1600, episodic_return=11.967867745702392
global_step=1600, episodic_return=-0.8414117714049777
global_step=1600, episodic_return=1.3105015339040575
global_step=1664, episodic_return=-2.9799927101196166
global_step=1664, episodic_return=-2.1969476114527606
global_step=1664, episodic_return=0.6141985777375623
global_step=1728, episodic_return=16.615403933786098
global_step=1728, episodic_return=-1.2309307264447154
global_step=1728, episodic_return=-1.7054679192848983
global_step=1728, episodic_return=2.1510519473472325
global_step=1856, episodic_return=4.368122163191041
global_step=1856, episodic_return=-6.724062035632952
global_step=1856, episodic_return=-7.915830016568442
global_step=1856, episodic_return=3.160905015718539
global_step=1856, episodic_return=-0.9962204669486548
global_step=1856, episodic_return=11.069815570768176
global_step=1856, episodic_return=1.4775417370914465
global_step=1920, episodic_return=11.824404162991915
global_step=1920, episodic_return=-6.0582644815139535
global_step=1920, episodic_return=0.197829295267141
global_step=1984, episodic_return=-0.9486177235653988
global_step=1984, episodic_return=-5.945283842692071
global_step=1984, episodic_return=-3.714440865630526
global_step=1984, episodic_return=-4.072454698782357
global_step=1984, episodic_return=-5.550309732660157
global_step=1984, episodic_return=2.946459630389132
global_step=1984, episodic_return=-8.142920495587694
global_step=1984, episodic_return=-2.5751621733565355
global_step=1984, episodic_return=-3.1786254122035684
global_step=2048, episodic_return=-10.19353029117529
global_step=2048, episodic_return=-4.410302303682008
global_step=2112, episodic_return=25.014387643317892
global_step=2112, episodic_return=-5.201727236852573
global_step=2112, episodic_return=-1.7423010069589957
global_step=2176, episodic_return=-2.017355498120124
global_step=2176, episodic_return=-5.052744963418788
global_step=2240, episodic_return=-1.6277781631724615
global_step=2304, episodic_return=6.584849556281368
global_step=2304, episodic_return=-0.4123337997662646
global_step=2304, episodic_return=4.86383876684162
global_step=2304, episodic_return=-0.9818276086821349
global_step=2304, episodic_return=-3.716594434915913
global_step=2304, episodic_return=-5.181532102752573
global_step=2304, episodic_return=0.809623452907136
global_step=2432, episodic_return=5.328507631625894
global_step=2432, episodic_return=-3.8331123484019516
global_step=2432, episodic_return=-1.504863354950004
global_step=2496, episodic_return=0.14379078313077254
global_step=2560, episodic_return=0.21927388762968347
global_step=2560, episodic_return=-3.0744203934389076
global_step=2560, episodic_return=13.848543252572181
global_step=2560, episodic_return=0.12088511759697562
global_step=2624, episodic_return=0.19173989543628644
global_step=2624, episodic_return=20.06728913660427
global_step=2688, episodic_return=-4.578481876752844
global_step=2688, episodic_return=-1.7870981272062627
global_step=2688, episodic_return=-1.5835871360355485
global_step=2688, episodic_return=-0.2992766994723213
global_step=2752, episodic_return=-2.0437047641189716
global_step=2752, episodic_return=-6.363975847828296
global_step=2752, episodic_return=-10.11821941409363
global_step=2752, episodic_return=-2.222287472798135
global_step=2752, episodic_return=-2.4209425155741435
global_step=2752, episodic_return=-0.8879735416371646
global_step=2752, episodic_return=3.4648177397872364
global_step=2816, episodic_return=24.43506674554613
global_step=2816, episodic_return=-3.1512984991823068
global_step=2816, episodic_return=0.6718690413012017
global_step=2880, episodic_return=1.8303034116195918
global_step=2880, episodic_return=5.8357430257166705
global_step=2880, episodic_return=-6.40136176973671
global_step=2880, episodic_return=1.5529767588796815
global_step=3008, episodic_return=-4.4919502365621735
global_step=3008, episodic_return=2.6482018190129577
global_step=3136, episodic_return=-2.4939253235298695
global_step=3200, episodic_return=-5.433045152818205
global_step=3200, episodic_return=1.9951791586801992
global_step=3200, episodic_return=-0.505250847504987
global_step=3264, episodic_return=16.18969168153142
global_step=3328, episodic_return=2.7740417134863713
global_step=3328, episodic_return=6.519070282892952
global_step=3328, episodic_return=-0.31947059983141557
global_step=3328, episodic_return=9.79361861059494
global_step=3392, episodic_return=-0.07990047620174212
global_step=3392, episodic_return=-2.7837261029064018
global_step=3456, episodic_return=-2.2705221002881855
global_step=3456, episodic_return=4.735995565132724
global_step=3456, episodic_return=-2.81595428269991
global_step=3520, episodic_return=-9.527754495385796
global_step=3520, episodic_return=-6.641661837708344
global_step=3520, episodic_return=6.2909870965524215
global_step=3520, episodic_return=-4.231039760952042
global_step=3520, episodic_return=6.3321382754812525
global_step=3520, episodic_return=0.5175468717977518
global_step=3648, episodic_return=18.444508405829595
global_step=3648, episodic_return=2.267093728556458
global_step=3648, episodic_return=-4.516396134765186
global_step=3648, episodic_return=0.0027387993459642157
global_step=3712, episodic_return=-0.562367490666102
global_step=3712, episodic_return=-0.24925347649586804
global_step=3712, episodic_return=-2.948217202022704
global_step=3712, episodic_return=0.6528258526337891
global_step=3776, episodic_return=-7.622903454785381
global_step=3776, episodic_return=-0.7252220067009838
global_step=3776, episodic_return=3.4507882459161143
global_step=3776, episodic_return=8.860715833863056
global_step=3776, episodic_return=3.530325981829985
global_step=3840, episodic_return=-1.3347181300093067
global_step=3840, episodic_return=2.030688695957056
global_step=3840, episodic_return=5.470186545217316
global_step=3840, episodic_return=-10.036855423047324
global_step=3904, episodic_return=-5.095493348801815
global_step=3904, episodic_return=-4.743771062101874
global_step=3904, episodic_return=-4.322445877928326
global_step=3904, episodic_return=2.3529154054263115
global_step=3904, episodic_return=-0.8010085170377492
global_step=3904, episodic_return=-0.7146796444887984
global_step=3904, episodic_return=6.310772601675879
global_step=3904, episodic_return=-4.018187544131728
global_step=3968, episodic_return=10.19346541600209
global_step=3968, episodic_return=11.802356220608182
global_step=3968, episodic_return=-2.017681768409565
global_step=4032, episodic_return=-2.0798110535403214
global_step=4032, episodic_return=-0.21202548771115037
global_step=4032, episodic_return=-3.5703935080559557
global_step=4160, episodic_return=-0.7362587196187922
global_step=4160, episodic_return=1.0286497954479636
global_step=4160, episodic_return=1.593112203846018
global_step=4160, episodic_return=-4.216485537766294
global_step=4224, episodic_return=-5.035466401207712
global_step=4224, episodic_return=-4.273901026414302
global_step=4224, episodic_return=-4.549803930435033
global_step=4224, episodic_return=0.4953103966095638
global_step=4224, episodic_return=10.882184402330019
global_step=4288, episodic_return=-3.6190007100759134
global_step=4288, episodic_return=-3.7286554019545592
global_step=4352, episodic_return=-3.047978203129426
global_step=4352, episodic_return=-6.231698362706156
global_step=4352, episodic_return=-4.544464257956369
global_step=4352, episodic_return=-9.311285204246861
global_step=4416, episodic_return=-2.1629865242694604
global_step=4416, episodic_return=-1.5416558757844967
global_step=4416, episodic_return=4.006116931631688
global_step=4416, episodic_return=-13.149636053532362
global_step=4480, episodic_return=-0.08208449651426608
global_step=4480, episodic_return=-4.985570995716632
global_step=4480, episodic_return=2.3676020590149345
global_step=4480, episodic_return=-5.97680720547777
global_step=4480, episodic_return=-3.9583341706224626
global_step=4480, episodic_return=5.381433408043602
global_step=4608, episodic_return=-0.25507371179203553
global_step=4672, episodic_return=4.534190780151104
global_step=4672, episodic_return=-7.004339392283965
global_step=4672, episodic_return=-1.7323842741586504
global_step=4672, episodic_return=-5.747599450144772
global_step=4672, episodic_return=5.289191772422234
global_step=4736, episodic_return=-6.988283414123054
global_step=4800, episodic_return=-0.17499549480211746
global_step=4800, episodic_return=5.857018568582845
global_step=4800, episodic_return=-3.163580746697111
global_step=4864, episodic_return=0.3091640484195066
global_step=4864, episodic_return=1.0859157714669527
global_step=4864, episodic_return=4.273089642699127
global_step=4864, episodic_return=-3.3853124492192563
global_step=4928, episodic_return=0.8258524823273903
global_step=4992, episodic_return=-3.6815927125626238
global_step=5056, episodic_return=-2.1754439753081716
global_step=5056, episodic_return=0.026579274694183475
global_step=5056, episodic_return=-4.238945165747201
global_step=5120, episodic_return=-0.7500193642280559
global_step=5120, episodic_return=-1.2942876591402468
global_step=5120, episodic_return=-6.423259644725386
global_step=5184, episodic_return=4.864740614443311
global_step=5184, episodic_return=-5.4506566582564995
global_step=5184, episodic_return=4.329046209962383
global_step=5248, episodic_return=1.201984279081539
global_step=5248, episodic_return=0.3027588331486877
global_step=5248, episodic_return=2.8077936630700577
global_step=5248, episodic_return=-1.333484815488085
global_step=5248, episodic_return=-1.694994146616803
global_step=5248, episodic_return=-13.181816363912091
global_step=5248, episodic_return=-4.364850836094799
global_step=5248, episodic_return=-7.7634723562660515
global_step=5312, episodic_return=-1.2226267331530019
global_step=5312, episodic_return=-10.019918632447103
global_step=5312, episodic_return=8.33234513438928
global_step=5312, episodic_return=1.2831452529511345
global_step=5376, episodic_return=-9.277855538125149
global_step=5376, episodic_return=-3.5379647681972957
global_step=5440, episodic_return=-0.5175557573368478
global_step=5440, episodic_return=-1.3899888589308211
global_step=5440, episodic_return=-1.8742222152366739
global_step=5504, episodic_return=-1.280738891048835
global_step=5504, episodic_return=-4.035909645959951
global_step=5568, episodic_return=-4.0839075234363715
global_step=5568, episodic_return=-2.473382732156856
global_step=5632, episodic_return=-6.696862712015738
global_step=5696, episodic_return=-2.5290630746126928
global_step=5696, episodic_return=-3.591115589904297
global_step=5696, episodic_return=2.234519214901829
global_step=5696, episodic_return=-1.8426165989856138
global_step=5696, episodic_return=-7.778430657716799
global_step=5696, episodic_return=1.8048641264494487
global_step=5696, episodic_return=-9.959503069074673
global_step=5760, episodic_return=-3.8334134345472686
global_step=5760, episodic_return=8.792338799437557
global_step=5760, episodic_return=-4.161153092387952
global_step=5824, episodic_return=-8.20901392331444
global_step=5824, episodic_return=1.8483488675329633
global_step=5824, episodic_return=2.353025377487172
global_step=5824, episodic_return=-1.9378373005577416
global_step=5824, episodic_return=31.649210530856305
global_step=5888, episodic_return=-4.297245772941588
global_step=5888, episodic_return=-0.9180923299477359
global_step=5952, episodic_return=-2.319772189253255
global_step=5952, episodic_return=7.792467408171126
global_step=5952, episodic_return=-3.1598616666359494
global_step=6080, episodic_return=-4.108041977617028
global_step=6080, episodic_return=-5.018067532865835
global_step=6080, episodic_return=-3.953231194527938
global_step=6080, episodic_return=-2.9446433691009806
global_step=6208, episodic_return=9.566689480315862
global_step=6208, episodic_return=-3.428805372884959
global_step=6208, episodic_return=-0.19507011579561928
global_step=6208, episodic_return=2.4820966978552836
global_step=6208, episodic_return=-4.605597291203178
global_step=6272, episodic_return=-2.045915067686942
global_step=6272, episodic_return=-0.6411204913719826
global_step=6272, episodic_return=-8.855035445990973
global_step=6272, episodic_return=3.3447621304800723
global_step=6336, episodic_return=-7.290175108541327
global_step=6400, episodic_return=-3.1312353312605676
global_step=6400, episodic_return=-1.283751492027719
global_step=6400, episodic_return=13.619736999615778
global_step=6464, episodic_return=-1.3656693719187727
global_step=6464, episodic_return=-2.983683336934903
global_step=6464, episodic_return=0.1437984776383986
global_step=6528, episodic_return=-7.553751859210123
global_step=6528, episodic_return=4.656966975776773
global_step=6592, episodic_return=1.8068097422836933
global_step=6592, episodic_return=-11.363505154462946
global_step=6592, episodic_return=1.2470068171518673
global_step=6656, episodic_return=-2.9264271296152797
global_step=6656, episodic_return=-4.419523165113947
global_step=6656, episodic_return=1.1869129333946917
global_step=6656, episodic_return=-2.8194440841322725
global_step=6720, episodic_return=-3.085205351889254
global_step=6720, episodic_return=-7.911096027302836
global_step=6720, episodic_return=6.048740496883955
global_step=6720, episodic_return=9.214705315729567
global_step=6720, episodic_return=-5.588170237034319
global_step=6784, episodic_return=-13.148524595586675
global_step=6784, episodic_return=-4.752471891700148
global_step=6784, episodic_return=-4.533898765814415
global_step=6784, episodic_return=-0.6477290976688457
global_step=6784, episodic_return=8.823552692344377
global_step=6784, episodic_return=2.013131936381366
global_step=6784, episodic_return=1.6452429469287084
global_step=6848, episodic_return=-2.2508908929518925
global_step=6848, episodic_return=0.5979039275770999
global_step=6848, episodic_return=5.938759157325578
global_step=6848, episodic_return=1.7407588846533337
global_step=6848, episodic_return=-0.9357716107668581
global_step=6848, episodic_return=-3.561232835344174
global_step=6848, episodic_return=9.149413207520457
global_step=6848, episodic_return=1.8984672248735435
global_step=6912, episodic_return=1.0340673767097037
global_step=6912, episodic_return=-2.0916180007549743
global_step=6912, episodic_return=-3.170810793490894
global_step=6976, episodic_return=6.296461213797952
global_step=6976, episodic_return=-5.7597186682072765
global_step=6976, episodic_return=-0.07693782471201338
global_step=7104, episodic_return=21.038641698557022
global_step=7104, episodic_return=-4.61806214586494
global_step=7104, episodic_return=5.015309066440137
global_step=7104, episodic_return=-2.932795194367338
global_step=7104, episodic_return=-0.4718958157856238
global_step=7168, episodic_return=-2.7550506196841082
global_step=7232, episodic_return=0.9426033047806657
global_step=7296, episodic_return=-0.9349081839715674
global_step=7296, episodic_return=5.51401487521155
global_step=7296, episodic_return=-4.274388382394844
global_step=7296, episodic_return=-4.563203765541894
global_step=7296, episodic_return=-2.627334909702916
global_step=7360, episodic_return=-2.943464670003647
global_step=7360, episodic_return=-4.204123937506843
global_step=7424, episodic_return=-5.863835906566594
global_step=7424, episodic_return=-7.620098646426926
global_step=7424, episodic_return=-3.137055796401659
global_step=7488, episodic_return=-4.284616191312501
global_step=7488, episodic_return=-1.280562744083172
global_step=7488, episodic_return=3.3623875550750233
global_step=7616, episodic_return=-2.087141013518755
global_step=7616, episodic_return=-0.06033968327444961
global_step=7616, episodic_return=-11.014597931815057
global_step=7616, episodic_return=12.271259094779834
global_step=7616, episodic_return=-4.154356322957437
global_step=7680, episodic_return=-2.049628845814867
global_step=7680, episodic_return=-1.0696511399931392
global_step=7680, episodic_return=-6.368669866266729
global_step=7680, episodic_return=-2.9485715188543784
global_step=7744, episodic_return=-2.607711294176236
global_step=7744, episodic_return=0.273993798599075
global_step=7744, episodic_return=1.8981218107094477
global_step=7744, episodic_return=-3.209026164176095
global_step=7744, episodic_return=3.050140443562933
global_step=7744, episodic_return=-1.2236440187390145
global_step=7808, episodic_return=4.048859079792992
global_step=7808, episodic_return=6.473910053430144
global_step=7808, episodic_return=-7.541992553299752
global_step=7808, episodic_return=-2.178768860893106
global_step=7936, episodic_return=-4.447874322475597
global_step=7936, episodic_return=-5.601656640488747
global_step=7936, episodic_return=-9.901662718775714
global_step=7936, episodic_return=-1.2278305467799808
global_step=7936, episodic_return=4.294747122382106
global_step=8000, episodic_return=4.0618256813526825
global_step=8000, episodic_return=2.166989894112425
global_step=8064, episodic_return=-2.4695623261672206
global_step=8064, episodic_return=-0.7566654913164779
global_step=8064, episodic_return=4.573419810805645
global_step=8128, episodic_return=0.512690305376037
global_step=8128, episodic_return=-3.7524480142080785
global_step=8192, episodic_return=-4.992260728283876
global_step=8192, episodic_return=-2.278906880141691
SPS: 725
global_step=8256, episodic_return=-2.4735592306859693
global_step=8256, episodic_return=-3.2477440031298763
global_step=8320, episodic_return=-7.668777306390041
global_step=8384, episodic_return=2.123658214763961
global_step=8384, episodic_return=5.2287515779211144
global_step=8384, episodic_return=-0.956348657722456
global_step=8384, episodic_return=-2.6208926231040746
global_step=8384, episodic_return=-5.431401862584512
global_step=8384, episodic_return=-0.47767433623438527
global_step=8448, episodic_return=1.576305674153909
global_step=8448, episodic_return=1.859227880911554
global_step=8512, episodic_return=5.120374526165831
global_step=8512, episodic_return=0.9203082093144198
global_step=8512, episodic_return=4.723925392759481
global_step=8512, episodic_return=-5.57937898735982
global_step=8512, episodic_return=5.6791412982921825
global_step=8576, episodic_return=-1.1638589186063526
global_step=8576, episodic_return=-2.9057120044026385
global_step=8576, episodic_return=5.741457504092387
global_step=8640, episodic_return=-11.356758194918378
global_step=8640, episodic_return=4.66338281313749
global_step=8704, episodic_return=2.335625755262656
global_step=8704, episodic_return=-6.237443420774737
global_step=8704, episodic_return=3.27939928404454
global_step=8704, episodic_return=-8.861634853689337
global_step=8768, episodic_return=-2.503455151475186
global_step=8768, episodic_return=4.054355360120964
global_step=8832, episodic_return=-2.8172082580199116
global_step=8832, episodic_return=0.9837509343727553
global_step=8832, episodic_return=-2.2386411532229156
global_step=8832, episodic_return=-1.2808640850435284
global_step=8896, episodic_return=-11.546432951030635
global_step=8960, episodic_return=13.560633201879886
global_step=8960, episodic_return=7.3975069204970545
global_step=8960, episodic_return=5.834923278628817
global_step=9024, episodic_return=-2.5833734892601887
global_step=9024, episodic_return=1.9394307787684621
global_step=9024, episodic_return=-2.5344263660035935
global_step=9088, episodic_return=1.7044910305391172
global_step=9088, episodic_return=-0.23120052000448887
global_step=9152, episodic_return=-5.306381509221264
global_step=9152, episodic_return=-6.1422544474746665
global_step=9152, episodic_return=6.625689242956787
global_step=9216, episodic_return=-1.6259753587019317
global_step=9216, episodic_return=-1.75763746253369
global_step=9216, episodic_return=-2.8312474519514113
global_step=9216, episodic_return=3.5138467043487545
global_step=9280, episodic_return=3.0202851666621893
global_step=9344, episodic_return=-5.440774481461084
global_step=9344, episodic_return=3.364441957590522
global_step=9344, episodic_return=-9.945759369638653
global_step=9344, episodic_return=-2.016289714007603
global_step=9408, episodic_return=-2.431657410313992
global_step=9472, episodic_return=-0.383487504141764
global_step=9472, episodic_return=9.087972068362394
global_step=9472, episodic_return=4.703645991896847
global_step=9472, episodic_return=0.7833123400016945
global_step=9536, episodic_return=26.844033636488028
global_step=9536, episodic_return=-2.720972992125784
global_step=9536, episodic_return=5.7318443197618585
global_step=9536, episodic_return=2.4851295156474102
global_step=9600, episodic_return=-3.945340166262086
global_step=9600, episodic_return=3.530633389077104
global_step=9600, episodic_return=1.67500452145353
global_step=9664, episodic_return=1.0311656607752577
global_step=9664, episodic_return=5.167121310246174
global_step=9664, episodic_return=33.28874081701195
global_step=9728, episodic_return=-5.119215018900194
global_step=9728, episodic_return=1.010945297264034
global_step=9792, episodic_return=-1.7394545515916213
global_step=9792, episodic_return=-4.632887251103455
global_step=9792, episodic_return=4.043003562094262
global_step=9856, episodic_return=3.191258259434516
global_step=9856, episodic_return=-3.909891737692285
global_step=9856, episodic_return=2.9313110715592683
global_step=9984, episodic_return=-0.013333335361979448
global_step=9984, episodic_return=24.744140879799158
global_step=9984, episodic_return=-5.416329793285317
global_step=9984, episodic_return=-0.7196804838453996
global_step=10048, episodic_return=6.961695185730355
global_step=10048, episodic_return=-0.5519176724366676
global_step=10048, episodic_return=0.34457992703270124
global_step=10112, episodic_return=6.069807663027177
global_step=10176, episodic_return=-9.715592411455965
global_step=10176, episodic_return=4.113025109689044
global_step=10176, episodic_return=-9.277439626897475
global_step=10240, episodic_return=-7.434178900105268
global_step=10240, episodic_return=16.90564609229779
global_step=10240, episodic_return=14.621517657999247
global_step=10304, episodic_return=4.095598221439081
global_step=10304, episodic_return=0.7455501144852774
global_step=10304, episodic_return=2.0942256383579956
global_step=10304, episodic_return=-5.811003354848854
global_step=10368, episodic_return=-5.438124398248537
global_step=10368, episodic_return=7.406321895826714
global_step=10368, episodic_return=-4.068777972343215
global_step=10368, episodic_return=-4.852316401371952
global_step=10368, episodic_return=8.978235383730366
global_step=10368, episodic_return=-1.754544115477974
global_step=10368, episodic_return=-7.412969252081646
global_step=10432, episodic_return=-1.482262885043218
global_step=10496, episodic_return=9.168594785268866
global_step=10496, episodic_return=-6.60377047921115
global_step=10560, episodic_return=6.673115788521603
global_step=10560, episodic_return=0.19612300609504363
global_step=10624, episodic_return=-6.139494348248988
global_step=10624, episodic_return=-7.63824012092503
global_step=10624, episodic_return=-4.492401246052978
global_step=10624, episodic_return=1.0886710119367562
global_step=10624, episodic_return=2.5183582492523096
global_step=10752, episodic_return=5.523156955059705
global_step=10752, episodic_return=-0.959589235780512
global_step=10816, episodic_return=-3.8589773527583233
global_step=10816, episodic_return=-2.3804383593485987
global_step=10816, episodic_return=-0.587349525168594
global_step=10880, episodic_return=-2.444576032564167
global_step=10880, episodic_return=18.056355084137728
global_step=10880, episodic_return=-3.612477777190999
global_step=10944, episodic_return=-1.6214568625959542
global_step=10944, episodic_return=-2.0211711158941252
global_step=10944, episodic_return=0.7807617907572937
global_step=11008, episodic_return=2.9371006392562125
global_step=11008, episodic_return=13.29400208426042
global_step=11008, episodic_return=0.5130970625486221
global_step=11072, episodic_return=-4.231573710859094
global_step=11072, episodic_return=-4.814999570969617
global_step=11136, episodic_return=-0.5352958771573157
global_step=11136, episodic_return=1.0733064983594485
global_step=11136, episodic_return=-1.7684701492311454
global_step=11200, episodic_return=-0.24601587668089575
global_step=11200, episodic_return=-0.8098287014787463
global_step=11200, episodic_return=6.257542671060284
global_step=11200, episodic_return=1.36402176546973
global_step=11200, episodic_return=-1.8052117015978564
global_step=11264, episodic_return=8.332273810645841
global_step=11328, episodic_return=6.756782360493752
global_step=11328, episodic_return=1.8571947368350457
global_step=11328, episodic_return=-3.1791628202146187
global_step=11328, episodic_return=-3.9076744657324722
global_step=11392, episodic_return=1.644732114997294
global_step=11456, episodic_return=-10.101495778029042
global_step=11456, episodic_return=7.385255500514196
global_step=11456, episodic_return=2.4943762522148756
global_step=11584, episodic_return=-5.205932700569166
global_step=11584, episodic_return=3.70868866127742
global_step=11584, episodic_return=0.15433469523207533
global_step=11584, episodic_return=2.534419961601773
global_step=11648, episodic_return=1.0306337042884413
global_step=11648, episodic_return=9.479062730588803
global_step=11648, episodic_return=3.5130923205678575
global_step=11648, episodic_return=2.653872501935113
global_step=11712, episodic_return=2.6192632975509302
global_step=11712, episodic_return=23.754751529999623
global_step=11776, episodic_return=15.05907152083064
global_step=11840, episodic_return=16.726197934476037
global_step=11840, episodic_return=-0.4420305347310538
global_step=11840, episodic_return=-2.668837135661267
global_step=11904, episodic_return=-1.612501412273991
global_step=11904, episodic_return=-7.626338804358532
global_step=11904, episodic_return=-8.514337235288556
global_step=11904, episodic_return=-8.756804624142868
global_step=11968, episodic_return=4.437918526896
global_step=11968, episodic_return=4.630618802799919
global_step=12032, episodic_return=3.1974796057361345
global_step=12032, episodic_return=0.23053014988823328
global_step=12096, episodic_return=-0.5109836752232177
global_step=12096, episodic_return=-0.3579894787140766
global_step=12096, episodic_return=-1.8017700332684656
global_step=12096, episodic_return=-3.870759797860142
global_step=12096, episodic_return=-0.49498980631718625
global_step=12160, episodic_return=-4.991905186033399
global_step=12160, episodic_return=-5.473822711558035
global_step=12224, episodic_return=-9.772277748976876
global_step=12224, episodic_return=0.8763802825106226
global_step=12288, episodic_return=-6.051261509969744
global_step=12288, episodic_return=7.784464900672234
global_step=12288, episodic_return=6.748239628939988
global_step=12288, episodic_return=-1.7864869966932806
global_step=12288, episodic_return=2.847844960506839
global_step=12416, episodic_return=4.919296935690384
global_step=12416, episodic_return=4.727220829476465
global_step=12416, episodic_return=-0.13614322932298928
global_step=12416, episodic_return=1.3946364571718668
global_step=12480, episodic_return=8.860263739621848
global_step=12480, episodic_return=2.300705591436715
global_step=12544, episodic_return=-0.5652116130579468
global_step=12544, episodic_return=-4.114802086153147
global_step=12544, episodic_return=1.914473644712813
global_step=12544, episodic_return=6.70620917964572
global_step=12544, episodic_return=-3.2171281250731365
global_step=12608, episodic_return=1.554779218211023
global_step=12608, episodic_return=3.198726932711228
global_step=12672, episodic_return=2.1872236111641152
global_step=12672, episodic_return=5.053857291848737
global_step=12736, episodic_return=-4.6152354482426174
global_step=12736, episodic_return=3.6713527702062265
global_step=12736, episodic_return=5.7181614014692
global_step=12800, episodic_return=-7.706983754405637
global_step=12800, episodic_return=8.612787944170789
global_step=12800, episodic_return=3.85014221979427
global_step=12864, episodic_return=0.6717119027609866
global_step=12864, episodic_return=-4.314583557026269
global_step=12992, episodic_return=-8.195413992624552
global_step=12992, episodic_return=0.23269865222056252
global_step=12992, episodic_return=0.38068660765028706
global_step=12992, episodic_return=1.366777652808095
global_step=12992, episodic_return=6.767183791423658
global_step=13056, episodic_return=-9.968834953421048
global_step=13056, episodic_return=-9.401479648355147
global_step=13056, episodic_return=0.6521776447499251
global_step=13120, episodic_return=7.6886124179269935
global_step=13120, episodic_return=3.4747280976147494
global_step=13184, episodic_return=16.6325387569354
global_step=13184, episodic_return=-0.8863392719132928
global_step=13184, episodic_return=3.867823341904465
global_step=13184, episodic_return=-1.6128115060111914
global_step=13184, episodic_return=-1.3019258995650498
global_step=13184, episodic_return=-4.291307172377259
global_step=13248, episodic_return=-1.5961399772281792
global_step=13312, episodic_return=-5.044201375493188
global_step=13376, episodic_return=0.6683682215317079
global_step=13376, episodic_return=7.8004288931930565
global_step=13376, episodic_return=2.7574398062426915
global_step=13440, episodic_return=5.126327912049215
global_step=13440, episodic_return=-1.1559185649695722
global_step=13440, episodic_return=6.378449833386945
global_step=13440, episodic_return=6.564216380350422
global_step=13504, episodic_return=3.6279192508114324
global_step=13568, episodic_return=10.61922116427854
global_step=13568, episodic_return=-3.2189914895353393
global_step=13568, episodic_return=1.5103662054750011
global_step=13632, episodic_return=2.834175010979143
global_step=13696, episodic_return=4.219872939273955
global_step=13696, episodic_return=22.377435159731906
global_step=13696, episodic_return=-5.198322200877392
global_step=13696, episodic_return=-0.8244186187328952
global_step=13760, episodic_return=4.422580563759078
global_step=13824, episodic_return=7.617232757052998
global_step=13824, episodic_return=10.724794827765745
global_step=13824, episodic_return=-1.820339683612132
global_step=13888, episodic_return=2.401596270310799
global_step=13888, episodic_return=-1.1304551567329646
global_step=13952, episodic_return=-2.449797717737869
global_step=13952, episodic_return=18.043023842464592
global_step=14016, episodic_return=10.390682885819505
global_step=14016, episodic_return=-2.8532854482830485
global_step=14016, episodic_return=23.31292256745911
global_step=14016, episodic_return=-1.1560330258354308
global_step=14016, episodic_return=-3.7988171949562104
global_step=14080, episodic_return=13.96353761612886
global_step=14080, episodic_return=1.4518118111094067
global_step=14080, episodic_return=3.5630201209491013
global_step=14144, episodic_return=1.9206742442926679
global_step=14144, episodic_return=1.9814445851925306
global_step=14144, episodic_return=8.247616295312543
global_step=14144, episodic_return=-1.675830461496854
global_step=14144, episodic_return=8.698464076340484
global_step=14208, episodic_return=-0.1933404385872335
global_step=14208, episodic_return=-0.7675590571420915
global_step=14208, episodic_return=3.848583952570943
global_step=14272, episodic_return=-0.26668821735095927
global_step=14272, episodic_return=19.62188974148506
global_step=14336, episodic_return=9.623390607928453
global_step=14336, episodic_return=1.579509003357604
global_step=14336, episodic_return=6.773054162357172
global_step=14336, episodic_return=20.254588961651987
global_step=14336, episodic_return=-0.6043124067668383
global_step=14400, episodic_return=-7.645953802551555
global_step=14464, episodic_return=1.2375047186833217
global_step=14528, episodic_return=-0.5936402472329626
global_step=14528, episodic_return=-1.535692847855899
global_step=14528, episodic_return=9.713586182949369
global_step=14528, episodic_return=10.454985037328342
global_step=14528, episodic_return=-2.352645488254166
global_step=14592, episodic_return=1.9827217975637887
global_step=14720, episodic_return=7.203984516883259
global_step=14720, episodic_return=0.6072732516980721
global_step=14720, episodic_return=7.796068358923277
global_step=14784, episodic_return=-4.599035925846078
global_step=14784, episodic_return=9.148534463996576
global_step=14784, episodic_return=-8.098181554756644
global_step=14784, episodic_return=2.430232139419111
global_step=14784, episodic_return=0.5312355232203716
global_step=14784, episodic_return=24.115427597708226
global_step=14784, episodic_return=7.865462847585981
global_step=14848, episodic_return=-5.25925671233011
global_step=14976, episodic_return=-1.6248902780636574
global_step=14976, episodic_return=0.17381636326915229
global_step=14976, episodic_return=1.0562932759451191
global_step=15040, episodic_return=1.0351570742621885
global_step=15040, episodic_return=8.806791319784576
global_step=15104, episodic_return=-0.9675235256087047
global_step=15104, episodic_return=-3.276802825431894
global_step=15168, episodic_return=-8.040666308220024
global_step=15168, episodic_return=-3.5065791430236564
global_step=15168, episodic_return=14.561222661158144
global_step=15168, episodic_return=-1.4053512426125525
global_step=15232, episodic_return=-5.94353913823811
global_step=15296, episodic_return=14.439080247369153
global_step=15296, episodic_return=5.752945317262447
global_step=15296, episodic_return=-8.832290556353234
global_step=15296, episodic_return=-1.132575233904697
global_step=15296, episodic_return=11.169961981321997
global_step=15296, episodic_return=0.06891642749066462
global_step=15296, episodic_return=13.418304002194386
global_step=15296, episodic_return=-4.030035756585011
global_step=15360, episodic_return=4.608383182555833
global_step=15360, episodic_return=1.7145979481091376
global_step=15360, episodic_return=0.4292363157871262
global_step=15360, episodic_return=10.127276244961353
global_step=15360, episodic_return=2.735923107121631
global_step=15360, episodic_return=-1.511038787696713
global_step=15360, episodic_return=-2.4820781771908424
global_step=15424, episodic_return=6.181928924506675
global_step=15424, episodic_return=3.353083098662417
global_step=15424, episodic_return=6.560512360580343
global_step=15488, episodic_return=15.353415376005026
global_step=15488, episodic_return=6.47274781218483
global_step=15552, episodic_return=11.433441513127951
global_step=15552, episodic_return=-5.274900802540245
global_step=15552, episodic_return=27.024240954136264
global_step=15616, episodic_return=-5.5555192052341615
global_step=15616, episodic_return=5.236321394255371
global_step=15680, episodic_return=8.208980384861633
global_step=15680, episodic_return=-3.3479654707580746
global_step=15680, episodic_return=22.711629800328662
global_step=15680, episodic_return=-1.8899289136230948
global_step=15744, episodic_return=-5.928890035357369
global_step=15744, episodic_return=-7.003706406788045
global_step=15744, episodic_return=0.8632071250866997
global_step=15808, episodic_return=-1.6316595866608816
global_step=15808, episodic_return=-4.2795061144126905
global_step=15808, episodic_return=6.674780744214119
global_step=15808, episodic_return=-1.1384100241279358
global_step=15808, episodic_return=-10.538143363875113
global_step=15872, episodic_return=-6.243689126396095
global_step=15872, episodic_return=-1.8240089170818556
global_step=15936, episodic_return=-3.1743825804748376
global_step=15936, episodic_return=-3.0260619774940167
global_step=16000, episodic_return=1.900615813983889
global_step=16064, episodic_return=11.608815169444723
global_step=16128, episodic_return=0.9014910164059773
global_step=16128, episodic_return=6.539210232313977
global_step=16128, episodic_return=0.16952750258030225
global_step=16192, episodic_return=1.9067612588674543
global_step=16192, episodic_return=-1.6500984900228135
global_step=16256, episodic_return=2.1450968086768025
global_step=16320, episodic_return=-6.873014301785803
global_step=16320, episodic_return=0.3260874049329412
global_step=16320, episodic_return=-1.6488247337915858
global_step=16320, episodic_return=-5.355863246692561
global_step=16320, episodic_return=13.421322130050111
global_step=16384, episodic_return=0.4847353583375469
global_step=16384, episodic_return=-2.405124442443644
global_step=16384, episodic_return=0.17159109705313758
SPS: 835
global_step=16448, episodic_return=-7.513293861221479
global_step=16448, episodic_return=2.235532532269438
global_step=16448, episodic_return=-5.015598694489458
global_step=16448, episodic_return=0.9868978112206132
global_step=16576, episodic_return=1.080241674586223
global_step=16576, episodic_return=3.970486026225739
global_step=16640, episodic_return=-1.2897301028663464
global_step=16640, episodic_return=3.197751683359613
global_step=16640, episodic_return=-1.7264042185140562
global_step=16640, episodic_return=-1.450336019312109
global_step=16640, episodic_return=3.6069143781739283
global_step=16704, episodic_return=-3.918913395857281
global_step=16768, episodic_return=0.699146502346119
global_step=16768, episodic_return=5.337383459333785
global_step=16832, episodic_return=-5.250764163159765
global_step=16832, episodic_return=3.035830746245999
global_step=16896, episodic_return=9.471214835357364
global_step=17088, episodic_return=-9.785671232053806
global_step=17216, episodic_return=6.483926275410565
global_step=17216, episodic_return=1.562506761058776
global_step=17280, episodic_return=13.01041383678242
global_step=17280, episodic_return=7.937277772751673
global_step=17344, episodic_return=-1.2492609101026928
global_step=17536, episodic_return=1.4216895462109005
global_step=17664, episodic_return=19.06546418451241
global_step=17664, episodic_return=-0.9669966837604287
global_step=17664, episodic_return=3.7590218188795177
global_step=17728, episodic_return=-13.226469363404423
global_step=17728, episodic_return=9.181644263835492
global_step=17728, episodic_return=0.02514179124647664
global_step=17792, episodic_return=11.22051208406953
global_step=17792, episodic_return=8.476568122537383
global_step=17792, episodic_return=4.053076031816217
global_step=17856, episodic_return=1.7123857443107822
global_step=17856, episodic_return=3.337414727583265
global_step=17856, episodic_return=7.5727754494643404
global_step=17856, episodic_return=-1.004112661584176
global_step=17856, episodic_return=2.001215835005124
global_step=17856, episodic_return=9.375349008304632
global_step=17984, episodic_return=10.580552777954749
global_step=17984, episodic_return=14.804546673042344
global_step=18048, episodic_return=10.573855623439131
global_step=18048, episodic_return=-0.23747889712815518
global_step=18048, episodic_return=8.10191495230073
global_step=18112, episodic_return=5.194171094615298
global_step=18112, episodic_return=28.8246229192575
global_step=18112, episodic_return=-6.418133701035244
global_step=18176, episodic_return=-0.7881455624936783
global_step=18176, episodic_return=21.50776020387072
global_step=18176, episodic_return=1.400628663333223
global_step=18176, episodic_return=0.287613416249733
global_step=18240, episodic_return=-4.925733653509305
global_step=18240, episodic_return=2.7671572331807317
global_step=18368, episodic_return=-0.0178860204562159
global_step=18368, episodic_return=8.7054086124943
global_step=18432, episodic_return=7.961503239141532
global_step=18432, episodic_return=10.685996631976257
global_step=18432, episodic_return=4.211086573870887
global_step=18496, episodic_return=-2.4212769582086944
global_step=18496, episodic_return=11.63287882714843
global_step=18560, episodic_return=11.338037918606435
global_step=18560, episodic_return=1.7431587240108324
global_step=18560, episodic_return=10.265022634464286
global_step=18560, episodic_return=5.868556838172787
global_step=18624, episodic_return=1.3699064320788337
global_step=18688, episodic_return=2.4769576625877754
global_step=18688, episodic_return=27.129071074237952
global_step=18752, episodic_return=-3.9462143418843514
global_step=18816, episodic_return=29.788559651593445
global_step=18816, episodic_return=-1.373150549064764
global_step=18880, episodic_return=15.278337921820519
global_step=18880, episodic_return=1.3668130063179345
global_step=18880, episodic_return=4.862051059650466
global_step=19008, episodic_return=6.31308595955445
global_step=19008, episodic_return=12.548674698151782
global_step=19136, episodic_return=3.683386175915913
global_step=19200, episodic_return=25.60968829464421
global_step=19200, episodic_return=-0.9343197137117277
global_step=19200, episodic_return=7.042280579916094
global_step=19200, episodic_return=-0.1668184147477234
global_step=19264, episodic_return=26.63802438720184
global_step=19392, episodic_return=1.2335886388249762
global_step=19392, episodic_return=-1.5104737773768635
global_step=19456, episodic_return=-4.209581435935444
global_step=19456, episodic_return=3.940865461699782
global_step=19456, episodic_return=1.857698404738978
global_step=19520, episodic_return=3.9870740126618043
global_step=19520, episodic_return=2.441745653158887
global_step=19520, episodic_return=2.3140874214872706
global_step=19584, episodic_return=-2.697990612258029
global_step=19584, episodic_return=-6.512439186943145
global_step=19584, episodic_return=0.6621837353525782
global_step=19648, episodic_return=-15.235236598763203
global_step=19712, episodic_return=28.586148313317285
global_step=19712, episodic_return=4.538097065222181
global_step=19776, episodic_return=20.90357642955866
global_step=19776, episodic_return=26.84481210987318
global_step=19840, episodic_return=11.171587286764328
global_step=19840, episodic_return=5.154778203483387
global_step=19840, episodic_return=15.23148784928804
global_step=19904, episodic_return=5.045465999148739
global_step=19904, episodic_return=-3.6288000323158434
global_step=19968, episodic_return=-12.986429584986842
global_step=19968, episodic_return=8.280385997888853
global_step=19968, episodic_return=-4.629359220421834
global_step=20032, episodic_return=19.707887586265894
global_step=20032, episodic_return=1.9220628491526217
global_step=20032, episodic_return=15.300037263403608
global_step=20096, episodic_return=-5.099827941925905
global_step=20224, episodic_return=-8.432969108498975
global_step=20224, episodic_return=20.502416117627416
global_step=20288, episodic_return=13.058811826713333
global_step=20288, episodic_return=8.81738892155171
global_step=20416, episodic_return=1.1891499073033658
global_step=20480, episodic_return=14.805242101775818
global_step=20480, episodic_return=-0.5851272820334081
global_step=20480, episodic_return=3.726608678342606
global_step=20480, episodic_return=-1.969736632327613
global_step=20480, episodic_return=22.37702536901295
global_step=20544, episodic_return=-4.022986699020219
global_step=20544, episodic_return=2.8592645603942533
global_step=20608, episodic_return=9.783361181794147
global_step=20672, episodic_return=6.273087131743623
global_step=20672, episodic_return=0.5431736356595109
global_step=20736, episodic_return=8.599041443360305
global_step=20736, episodic_return=6.371842752665464
global_step=20736, episodic_return=-3.396644031737753
global_step=20736, episodic_return=4.534790283199628
global_step=20736, episodic_return=1.7982884186664474
global_step=20800, episodic_return=-5.278701642215837
global_step=20864, episodic_return=0.004167447315545969
global_step=20864, episodic_return=16.69604067661994
global_step=20928, episodic_return=1.0661415486234267
global_step=20928, episodic_return=0.05347102541976967
global_step=20992, episodic_return=-0.1642251875042975
global_step=20992, episodic_return=16.75382744351005
global_step=21120, episodic_return=6.514993389855388
global_step=21120, episodic_return=3.9850991442858605
global_step=21120, episodic_return=-1.2804852714064783
global_step=21184, episodic_return=14.592760473320903
global_step=21248, episodic_return=3.2468324001292603
global_step=21248, episodic_return=-13.36049917537343
global_step=21248, episodic_return=19.865579551688594
global_step=21248, episodic_return=5.1702109538875325
global_step=21248, episodic_return=-1.9925216622343682
global_step=21312, episodic_return=-2.635906477088403
global_step=21312, episodic_return=10.819288816609639
global_step=21312, episodic_return=67.8673761691957
global_step=21376, episodic_return=10.31741098635174
global_step=21376, episodic_return=12.224191469957178
global_step=21376, episodic_return=5.464374756850384
global_step=21440, episodic_return=18.715360305982692
global_step=21504, episodic_return=-0.19076401238617025
global_step=21504, episodic_return=2.060811096539011
global_step=21568, episodic_return=9.839073258023486
global_step=21632, episodic_return=4.09553415621848
global_step=21632, episodic_return=0.3050915203076152
global_step=21632, episodic_return=8.929570044477483
global_step=21696, episodic_return=11.72885838816228
global_step=21696, episodic_return=22.104629781568978
global_step=21760, episodic_return=5.107532913100102
global_step=21888, episodic_return=6.31634504094635
global_step=21888, episodic_return=13.719528709494867
global_step=21888, episodic_return=-1.002152079113479
global_step=21952, episodic_return=4.161239974072982
global_step=21952, episodic_return=4.234076622315497
global_step=21952, episodic_return=-5.228870975134823
global_step=22080, episodic_return=3.473194648529276
global_step=22080, episodic_return=5.325776816069254
global_step=22080, episodic_return=-1.1768488371527623
global_step=22080, episodic_return=16.71576558694085
global_step=22144, episodic_return=-5.603619210306739
global_step=22208, episodic_return=0.7972288117461159
global_step=22208, episodic_return=0.502379894967995
global_step=22208, episodic_return=3.615048901958908
global_step=22272, episodic_return=11.183086700084282
global_step=22336, episodic_return=1.5330847341362377
global_step=22336, episodic_return=-2.497874499170651
global_step=22336, episodic_return=1.551224389919588
global_step=22400, episodic_return=0.5037011235856165
global_step=22400, episodic_return=19.265307511814655
global_step=22400, episodic_return=10.98375948307857
global_step=22400, episodic_return=6.336159684283691
global_step=22592, episodic_return=24.60510983122079
global_step=22592, episodic_return=0.4191550544463525
global_step=22592, episodic_return=-1.2974939564114623
global_step=22592, episodic_return=6.135603247981924
global_step=22656, episodic_return=1.0480209717877385
global_step=22720, episodic_return=-1.5333163779343701
global_step=22784, episodic_return=6.324287330274428
global_step=22784, episodic_return=-3.7834052587184845
global_step=22784, episodic_return=0.1854796866415086
global_step=22784, episodic_return=2.9687545105298483
global_step=22784, episodic_return=6.588739934131315
global_step=22848, episodic_return=-5.705734270795546
global_step=22848, episodic_return=0.9996396053442802
global_step=22912, episodic_return=-0.353015074806195
global_step=22912, episodic_return=-8.766669419877573
global_step=22912, episodic_return=-0.8904354482163916
global_step=22912, episodic_return=2.391389677873254
global_step=22912, episodic_return=27.70653640445324
global_step=22976, episodic_return=3.5282614215979584
global_step=22976, episodic_return=19.39014860891069
global_step=22976, episodic_return=10.59890806933725
global_step=23104, episodic_return=-4.876783124443072
global_step=23104, episodic_return=5.656836122544207
global_step=23104, episodic_return=2.0463394372969645
global_step=23168, episodic_return=-6.612205610786387
global_step=23168, episodic_return=-0.9469955618009964
global_step=23232, episodic_return=6.185791896782184
global_step=23360, episodic_return=4.828995053701879
global_step=23424, episodic_return=2.865334511441844
global_step=23488, episodic_return=1.252195631756741
global_step=23488, episodic_return=3.2992399775276415
global_step=23488, episodic_return=-4.910230855245588
global_step=23488, episodic_return=10.499024368010161
global_step=23552, episodic_return=-3.4486700787715607
global_step=23552, episodic_return=10.106681486082838
global_step=23552, episodic_return=7.425369067428826
global_step=23552, episodic_return=2.4667144045060123
global_step=23616, episodic_return=14.041316815177415
global_step=23680, episodic_return=1.5613036523808093
global_step=23744, episodic_return=3.5937339276649998
global_step=23744, episodic_return=2.0062734383268896
global_step=23744, episodic_return=24.484573386039564
global_step=23808, episodic_return=7.253348057532307
global_step=23808, episodic_return=13.84198072171053
global_step=23808, episodic_return=9.9611888458211
global_step=23872, episodic_return=3.865206551245027
global_step=23872, episodic_return=19.636392299132357
global_step=23936, episodic_return=-4.82179897243403
global_step=23936, episodic_return=7.795126561098814
global_step=23936, episodic_return=10.14905384391672
global_step=24000, episodic_return=18.771982890583722
global_step=24000, episodic_return=-1.5270349654115345
global_step=24000, episodic_return=-2.8134726200807445
global_step=24000, episodic_return=-6.922464272830274
global_step=24064, episodic_return=11.94388485490631
global_step=24128, episodic_return=3.6990250465250556
global_step=24128, episodic_return=-0.8357847535016041
global_step=24192, episodic_return=4.296887268288949
global_step=24192, episodic_return=3.202757123003762
global_step=24320, episodic_return=-3.2881267052038914
global_step=24448, episodic_return=13.11559760359168
global_step=24448, episodic_return=3.9916771251747765
global_step=24512, episodic_return=7.205647494779364
global_step=24512, episodic_return=3.2537102563629197
global_step=24576, episodic_return=33.33915733837187
global_step=24576, episodic_return=6.746032645674703
SPS: 808
global_step=24640, episodic_return=28.569948268998694
global_step=24640, episodic_return=5.914798386947519
global_step=24704, episodic_return=17.835253358717445
global_step=24704, episodic_return=-4.350217073451212
global_step=24704, episodic_return=2.686917116491246
global_step=24768, episodic_return=1.288072806257942
global_step=24768, episodic_return=-6.148126496969871
global_step=24832, episodic_return=4.3380129538695105
global_step=24832, episodic_return=3.5198345120708963
global_step=25024, episodic_return=7.686655975800708
global_step=25024, episodic_return=-3.3130566893698896
global_step=25088, episodic_return=-1.2585574330677303
global_step=25088, episodic_return=21.837083711349337
global_step=25088, episodic_return=7.912477793513242
global_step=25152, episodic_return=8.052733696930389
global_step=25152, episodic_return=12.18259094265156
global_step=25152, episodic_return=-3.1472212209935186
global_step=25216, episodic_return=6.919571045351974
global_step=25216, episodic_return=1.3426185131941768
global_step=25216, episodic_return=10.501614186214136
global_step=25216, episodic_return=19.123937385484297
global_step=25344, episodic_return=18.062052895952565
global_step=25344, episodic_return=6.751023452315595
global_step=25472, episodic_return=9.08017592826384
global_step=25536, episodic_return=-3.310236761089055
global_step=25536, episodic_return=9.721612342267521
global_step=25600, episodic_return=4.787182671901116
global_step=25600, episodic_return=6.647364908782768
global_step=25600, episodic_return=-2.154379736304944
global_step=25664, episodic_return=3.0614932445567655
global_step=25664, episodic_return=13.67972350070395
global_step=25856, episodic_return=30.381986960525783
global_step=25856, episodic_return=3.008738089811163
global_step=25920, episodic_return=3.877086495223342
global_step=25920, episodic_return=-3.1138863347976162
global_step=25984, episodic_return=-6.860959074103219
global_step=25984, episodic_return=-5.624989280962826
global_step=26048, episodic_return=2.398697832258522
global_step=26112, episodic_return=-0.852740962826194
global_step=26176, episodic_return=12.180670706093554
global_step=26176, episodic_return=39.439934795917644
global_step=26176, episodic_return=4.539211215566137
global_step=26240, episodic_return=0.6015734627672167
global_step=26304, episodic_return=2.5533758809380354
global_step=26304, episodic_return=18.857554637313324
global_step=26304, episodic_return=20.496818920317025
global_step=26368, episodic_return=34.369093195974656
global_step=26368, episodic_return=-8.738762726975313
global_step=26432, episodic_return=17.531098509732473
global_step=26560, episodic_return=23.846499882759755
global_step=26560, episodic_return=3.203447681130608
global_step=26624, episodic_return=35.083396490972675
global_step=26688, episodic_return=2.104032580938029
global_step=26752, episodic_return=36.7698532681592
global_step=26816, episodic_return=-1.5002155122298326
global_step=26880, episodic_return=7.553006281994179
global_step=27008, episodic_return=-6.956393138379852
global_step=27008, episodic_return=4.860384702840667
global_step=27136, episodic_return=1.267282038457414
global_step=27136, episodic_return=1.2685984334078666
global_step=27136, episodic_return=-3.8299705256903223
global_step=27200, episodic_return=-1.2308179673323982
global_step=27200, episodic_return=2.673015470021348
global_step=27392, episodic_return=1.6435168660473611
global_step=27456, episodic_return=13.905017226922775
global_step=27520, episodic_return=-0.4619511537414669
global_step=27584, episodic_return=35.96150676987828
global_step=27648, episodic_return=11.729617444981924
global_step=27648, episodic_return=5.590336417754716
global_step=27712, episodic_return=0.3344725699106159
global_step=27712, episodic_return=-4.056559044735055
global_step=27776, episodic_return=20.78997039677219
global_step=27776, episodic_return=18.610348382116054
global_step=27776, episodic_return=2.3251393479998947
global_step=27840, episodic_return=25.337181163669594
global_step=28032, episodic_return=19.845706045616627
global_step=28032, episodic_return=11.673296051526968
global_step=28096, episodic_return=12.962009864076625
global_step=28160, episodic_return=25.66581063495529
global_step=28224, episodic_return=0.632255411459748
global_step=28288, episodic_return=17.22689818601334
global_step=28352, episodic_return=25.441535952999576
global_step=28416, episodic_return=-3.341844087719464
global_step=28416, episodic_return=18.942632160282407
global_step=28672, episodic_return=2.3011088205667014
global_step=28672, episodic_return=-1.6874698935187804
global_step=28672, episodic_return=2.746446517469529
global_step=28672, episodic_return=29.745196497112182
global_step=28736, episodic_return=62.86938483124003
global_step=28736, episodic_return=12.67512189678991
global_step=28800, episodic_return=7.803486612996655
global_step=28800, episodic_return=5.871195610298901
global_step=28864, episodic_return=3.1252613366972644
global_step=28864, episodic_return=15.832408805248459
global_step=28864, episodic_return=34.989026634115746
global_step=28928, episodic_return=86.21546339972235
global_step=28992, episodic_return=9.959357733302507
global_step=28992, episodic_return=8.851886657778293
global_step=28992, episodic_return=33.14170237987243
global_step=28992, episodic_return=-2.1403806921006177
global_step=29184, episodic_return=16.513597507985004
global_step=29248, episodic_return=30.160155917032117
global_step=29440, episodic_return=23.54869801747513
global_step=29440, episodic_return=11.664071583211566
global_step=29440, episodic_return=34.079643064737105
global_step=29504, episodic_return=32.50430971802302
global_step=29504, episodic_return=-1.3370325983140177
global_step=29568, episodic_return=24.483731521507195
global_step=29568, episodic_return=-3.634824341039502
global_step=29568, episodic_return=18.35225440194229
global_step=29632, episodic_return=-2.5587933152692965
global_step=29760, episodic_return=14.365134842620378
global_step=29952, episodic_return=-0.16754182719842547
global_step=29952, episodic_return=18.59505067061668
global_step=29952, episodic_return=23.586375675291247
global_step=30016, episodic_return=19.222322691127612
global_step=30080, episodic_return=33.649406215061504
global_step=30080, episodic_return=6.805660009275022
global_step=30208, episodic_return=8.158863110304987
global_step=30208, episodic_return=-0.8262262374396454
global_step=30208, episodic_return=34.24143114286899
global_step=30208, episodic_return=-2.6159431033888074
global_step=30336, episodic_return=8.899398203258148
global_step=30400, episodic_return=2.450178671237257
global_step=30400, episodic_return=5.855398263505656
global_step=30464, episodic_return=6.052054770918705
global_step=30528, episodic_return=36.33571335265906
global_step=30656, episodic_return=60.913868634350145
global_step=30656, episodic_return=17.457382794296283
global_step=30720, episodic_return=1.5177691841377896
global_step=30720, episodic_return=-0.34488457636752345
global_step=30720, episodic_return=45.99370977477538
global_step=30784, episodic_return=86.25791984384568
global_step=30784, episodic_return=14.63565003356915
global_step=30784, episodic_return=16.018978487653946
global_step=30784, episodic_return=4.061380638043689
global_step=30848, episodic_return=33.84445804108097
global_step=30912, episodic_return=38.779279147695924
global_step=30912, episodic_return=-10.590983670596342
global_step=31104, episodic_return=-6.993144539227866
global_step=31232, episodic_return=4.199885474380453
global_step=31232, episodic_return=14.951196829432204
global_step=31232, episodic_return=26.50097014556318
global_step=31360, episodic_return=2.9297685083748393
global_step=31488, episodic_return=50.36416849057286
global_step=31552, episodic_return=1.1803170170483162
global_step=31552, episodic_return=17.07536031921609
global_step=31616, episodic_return=8.372392749524947
global_step=31616, episodic_return=28.656808715747196
global_step=31680, episodic_return=30.71262999339677
global_step=31744, episodic_return=1.310868617514402
global_step=31744, episodic_return=33.83632815318069
global_step=31744, episodic_return=38.31189461203938
global_step=31744, episodic_return=-3.050431958739972
global_step=31808, episodic_return=55.986205889123845
global_step=31808, episodic_return=-4.940894689841317
global_step=31872, episodic_return=73.60507683846143
global_step=31936, episodic_return=10.66035826279899
global_step=31936, episodic_return=26.56166915940801
global_step=32000, episodic_return=26.630901924562856
global_step=32000, episodic_return=4.702398891950107
global_step=32000, episodic_return=5.889896284470398
global_step=32000, episodic_return=10.366014381540117
global_step=32064, episodic_return=52.738114469177496
global_step=32064, episodic_return=5.714460814087276
global_step=32128, episodic_return=10.397459075181887
global_step=32192, episodic_return=10.248814891305432
global_step=32192, episodic_return=8.904340530399995
global_step=32192, episodic_return=2.513508803161176
global_step=32320, episodic_return=9.652145841284689
global_step=32384, episodic_return=12.989542911291844
global_step=32384, episodic_return=4.015523249953683
global_step=32448, episodic_return=-0.17600536579170334
global_step=32512, episodic_return=10.571416078091126
global_step=32576, episodic_return=10.028007418139518
global_step=32576, episodic_return=15.086048201467557
global_step=32704, episodic_return=55.11787067567681
global_step=32704, episodic_return=1.52330598222432
global_step=32768, episodic_return=-2.4756979657229072
SPS: 844
global_step=32896, episodic_return=11.47911502252741
global_step=32960, episodic_return=9.903129509457269
global_step=32960, episodic_return=3.1241375368055833
global_step=33024, episodic_return=6.65821371079041
global_step=33024, episodic_return=5.352981659643215
global_step=33088, episodic_return=19.621001542080684
global_step=33088, episodic_return=13.568559203269619
global_step=33088, episodic_return=3.1520448320936127
global_step=33280, episodic_return=10.156487428060414
global_step=33344, episodic_return=32.837595481084676
global_step=33408, episodic_return=11.517002406215868
global_step=33408, episodic_return=27.368371174254353
global_step=33472, episodic_return=2.0580919940777336
global_step=33472, episodic_return=-1.575477376904609
global_step=33600, episodic_return=9.853461223420389
global_step=33600, episodic_return=2.3673913040229726
global_step=33664, episodic_return=5.723226545679345
global_step=33728, episodic_return=10.711988454552898
global_step=34048, episodic_return=3.6432973047730477
global_step=34112, episodic_return=9.328157366608382
global_step=34112, episodic_return=7.730531126608617
global_step=34240, episodic_return=6.9301630555742655
global_step=34432, episodic_return=8.27025148854164
global_step=34432, episodic_return=10.434753158405163
global_step=34624, episodic_return=-3.72160226865421
global_step=34688, episodic_return=3.057888347742448
global_step=34752, episodic_return=41.09897507989691
global_step=34816, episodic_return=15.039658664826074
global_step=34816, episodic_return=15.672022388298185
global_step=34880, episodic_return=3.614191385227094
global_step=34944, episodic_return=28.69666623094842
global_step=34944, episodic_return=62.02054327718411
global_step=35008, episodic_return=40.55425729381552
global_step=35072, episodic_return=-4.3261870740395265
global_step=35136, episodic_return=2.344734475659894
global_step=35136, episodic_return=14.911784159094944
global_step=35136, episodic_return=13.366835742814652
global_step=35200, episodic_return=3.7303978516795886
global_step=35264, episodic_return=54.46203500377508
global_step=35392, episodic_return=32.650264141033766
global_step=35456, episodic_return=8.239128601987913
global_step=35520, episodic_return=17.611496670902362
global_step=35520, episodic_return=20.481062951236307
global_step=35584, episodic_return=5.2053691472134105
global_step=35712, episodic_return=48.18513842159601
global_step=35776, episodic_return=0.35303450075428766
global_step=35904, episodic_return=16.09889297760426
global_step=35904, episodic_return=10.900356350919601
global_step=36032, episodic_return=16.736652232024692
global_step=36160, episodic_return=-0.55104068466862
global_step=36160, episodic_return=-1.2755250292277969
global_step=36224, episodic_return=22.290142436296062
global_step=36224, episodic_return=42.593302417592206
global_step=36288, episodic_return=7.673177497512871
global_step=36352, episodic_return=54.28489899109165
global_step=36416, episodic_return=38.109950726340784
global_step=36416, episodic_return=20.53555841455182
global_step=36480, episodic_return=9.259130474324797
global_step=36480, episodic_return=34.02434580668546
global_step=36672, episodic_return=43.32583100209892
global_step=36672, episodic_return=46.3424262745028
global_step=36736, episodic_return=-2.083379245388757
global_step=36864, episodic_return=23.840422928719768
global_step=36928, episodic_return=26.138465685881137
global_step=36928, episodic_return=11.876946220122742
global_step=36928, episodic_return=5.955173814636634
global_step=36928, episodic_return=39.470049582764936
global_step=36992, episodic_return=15.855855246366048
global_step=37056, episodic_return=65.13690375753816
global_step=37120, episodic_return=13.923057609579741
global_step=37184, episodic_return=22.60181452066795
global_step=37248, episodic_return=15.303975592375693
global_step=37312, episodic_return=7.067347383206073
global_step=37312, episodic_return=4.7667813765953015
global_step=37376, episodic_return=33.856746155600284
global_step=37376, episodic_return=28.113973776747127
global_step=37376, episodic_return=115.67030178319435
global_step=37440, episodic_return=6.446432108573382
global_step=37440, episodic_return=15.626707284597558
global_step=37504, episodic_return=-0.26581364350825676
global_step=37632, episodic_return=-4.634887070405174
global_step=37632, episodic_return=3.9033646500540726
global_step=37696, episodic_return=52.23871367711233
global_step=37760, episodic_return=15.986215204522646
global_step=37824, episodic_return=34.71845223806194
global_step=37824, episodic_return=16.26360586472719
global_step=38016, episodic_return=106.95331511422208
global_step=38144, episodic_return=0.6498401799870249
global_step=38272, episodic_return=1.546304772766715
global_step=38336, episodic_return=13.076104576721574
global_step=38400, episodic_return=3.8811361374632796
global_step=38464, episodic_return=63.39567196143079
global_step=38464, episodic_return=8.523158763393203
global_step=38592, episodic_return=31.64786902656104
global_step=38592, episodic_return=19.60552862290391
global_step=38656, episodic_return=38.73223932437778
global_step=38720, episodic_return=23.186418272138752
global_step=38784, episodic_return=48.80014121891688
global_step=38784, episodic_return=11.468617774319826
global_step=38848, episodic_return=27.407945666320757
global_step=38848, episodic_return=0.14044046787382114
global_step=38912, episodic_return=56.326570588144364
global_step=38976, episodic_return=64.79416315962362
global_step=39104, episodic_return=92.0136110863055
global_step=39104, episodic_return=-2.3010330446537757
global_step=39104, episodic_return=12.167015985813538
global_step=39168, episodic_return=9.87173459925466
global_step=39232, episodic_return=35.24601552919816
global_step=39296, episodic_return=63.146653582325676
global_step=39360, episodic_return=9.542143532964841
global_step=39360, episodic_return=47.871467770201974
global_step=39360, episodic_return=12.973203812963433
global_step=39488, episodic_return=67.91658489127637
global_step=39488, episodic_return=1.9412078906121406
global_step=39680, episodic_return=16.433944303258496
global_step=39680, episodic_return=11.961036206948142
global_step=39744, episodic_return=11.50433151600638
global_step=39744, episodic_return=55.40129666408777
global_step=39808, episodic_return=26.027244571392636
global_step=39872, episodic_return=18.40686543243873
global_step=39936, episodic_return=10.890258988409927
global_step=40064, episodic_return=62.86483332478696
global_step=40128, episodic_return=17.027426844277784
global_step=40192, episodic_return=47.967465056370834
global_step=40192, episodic_return=4.902381415101954
global_step=40320, episodic_return=-0.3668514483944859
global_step=40320, episodic_return=10.413749474175816
global_step=40448, episodic_return=20.789229579752035
global_step=40512, episodic_return=50.90654925576046
global_step=40512, episodic_return=46.123553771473425
global_step=40576, episodic_return=33.37210626413651
global_step=40640, episodic_return=14.95371716366998
global_step=40640, episodic_return=41.080702658041936
global_step=40640, episodic_return=12.403532136153304
global_step=40704, episodic_return=36.74467878786158
global_step=40768, episodic_return=19.749662631158024
global_step=40832, episodic_return=9.529218557616243
global_step=40960, episodic_return=9.74989954092659
global_step=40960, episodic_return=-3.3608848709005077
SPS: 846
global_step=41024, episodic_return=25.24668555716584
global_step=41088, episodic_return=2.3455505557526752
global_step=41152, episodic_return=40.1270819772369
global_step=41216, episodic_return=46.920586827904216
global_step=41280, episodic_return=-7.490440181835424
global_step=41472, episodic_return=25.493631968733837
global_step=41472, episodic_return=14.947870490496756
global_step=41536, episodic_return=8.45738803301893
global_step=41600, episodic_return=9.773022676910717
global_step=41664, episodic_return=8.353039988280722
global_step=41728, episodic_return=7.099176986615515
global_step=41856, episodic_return=22.312262124988056
global_step=41856, episodic_return=30.117309966996306
global_step=41920, episodic_return=28.88298569294165
global_step=41920, episodic_return=17.556222397587817
global_step=42176, episodic_return=11.950018797443668
global_step=42176, episodic_return=21.45573077624519
global_step=42304, episodic_return=-0.22479901096108978
global_step=42688, episodic_return=21.828936298121857
global_step=42816, episodic_return=-0.7290461161179305
global_step=42816, episodic_return=17.035476750270075
global_step=42944, episodic_return=23.993741666773175
global_step=43008, episodic_return=35.5699789982819
global_step=43008, episodic_return=15.314600191106232
global_step=43136, episodic_return=25.714620845343607
global_step=43200, episodic_return=4.196359085474436
global_step=43200, episodic_return=54.43398179053344
global_step=43264, episodic_return=34.10601973091764
global_step=43264, episodic_return=12.12059551485271
global_step=43392, episodic_return=25.311835904744974
global_step=43392, episodic_return=15.330821905553535
global_step=43392, episodic_return=6.036076596648335
global_step=43456, episodic_return=5.356067155472974
global_step=43712, episodic_return=1.5983869286651566
global_step=43840, episodic_return=1.1692164028319132
global_step=43904, episodic_return=0.7820323059719854
global_step=44032, episodic_return=23.3896020709401
global_step=44096, episodic_return=-2.482305815626399
global_step=44352, episodic_return=48.18000598674973
global_step=44352, episodic_return=37.63390787423395
global_step=44416, episodic_return=33.8211219437854
global_step=44480, episodic_return=14.861282887749947
global_step=44480, episodic_return=-0.05734670595933472
global_step=44608, episodic_return=3.74561977945873
global_step=44736, episodic_return=26.887579720549535
global_step=44736, episodic_return=43.38315971149055
global_step=44800, episodic_return=46.78100964908365
global_step=45120, episodic_return=7.586684949459327
global_step=45376, episodic_return=0.8892037553881078
global_step=45376, episodic_return=9.216029753607593
global_step=45440, episodic_return=164.8482510757494
global_step=45504, episodic_return=17.571741038052735
global_step=45568, episodic_return=44.525402234078165
global_step=45760, episodic_return=7.9205842580825365
global_step=45760, episodic_return=47.16955474194153
global_step=45824, episodic_return=15.815484126925782
global_step=45888, episodic_return=14.482329197411817
global_step=46016, episodic_return=52.65772783791413
global_step=46080, episodic_return=9.949624439117464
global_step=46080, episodic_return=36.182924648812545
global_step=46208, episodic_return=28.700741784942178
global_step=46272, episodic_return=14.291090080660936
global_step=46272, episodic_return=38.746838308837624
global_step=46272, episodic_return=7.593642973416075
global_step=46400, episodic_return=44.800516503709076
global_step=46464, episodic_return=38.93131989524971
global_step=46528, episodic_return=10.8740283091776
global_step=46848, episodic_return=9.610977495091788
global_step=46912, episodic_return=40.537437464281375
global_step=47168, episodic_return=30.196019381540435
global_step=47296, episodic_return=-1.7193358172202964
global_step=47552, episodic_return=31.763962444331696
global_step=47744, episodic_return=66.83402339493556
global_step=47808, episodic_return=17.645900613598446
global_step=47808, episodic_return=39.00669200250027
global_step=48000, episodic_return=90.63394824182302
global_step=48128, episodic_return=56.59753867855717Exception in thread Thread-2:
Traceback (most recent call last):
  File "/home/okeren/anaconda3/envs/natanel/lib/python3.11/threading.py", line 1045, in _bootstrap_inner
    self.run()
  File "/home/okeren/anaconda3/envs/natanel/lib/python3.11/site-packages/tensorboard/summary/writer/event_file_writer.py", line 244, in run
    self._run()
  File "/home/okeren/anaconda3/envs/natanel/lib/python3.11/site-packages/tensorboard/summary/writer/event_file_writer.py", line 275, in _run
    self._record_writer.write(data)
  File "/home/okeren/anaconda3/envs/natanel/lib/python3.11/site-packages/tensorboard/summary/writer/record_writer.py", line 40, in write
    self._writer.write(header + header_crc + data + footer_crc)
  File "/home/okeren/anaconda3/envs/natanel/lib/python3.11/site-packages/tensorboard/compat/tensorflow_stub/io/gfile.py", line 775, in write
    self.fs.append(self.filename, file_content, self.binary_mode)
  File "/home/okeren/anaconda3/envs/natanel/lib/python3.11/site-packages/tensorboard/compat/tensorflow_stub/io/gfile.py", line 167, in append
    self._write(filename, file_content, "ab" if binary_mode else "a")
  File "/home/okeren/anaconda3/envs/natanel/lib/python3.11/site-packages/tensorboard/compat/tensorflow_stub/io/gfile.py", line 171, in _write
    with io.open(filename, mode, encoding=encoding) as f:
         ^^^^^^^^^^^^^^^^^^^^^^^^^^^^^^^^^^^^^^^^^^
FileNotFoundError: [Errno 2] No such file or directory: b'runs/Walker2d-v5__protagonist__2__1781758066/events.out.tfevents.1781758072.CRML-RLRL2.1136931.0'

global_step=48192, episodic_return=231.4392212436562
global_step=48192, episodic_return=33.60299790160768
global_step=48256, episodic_return=33.63876959137629
global_step=48256, episodic_return=25.17113062732618
global_step=48576, episodic_return=10.187181167286015
global_step=48640, episodic_return=217.2259640560478
global_step=48704, episodic_return=21.624379218128144
global_step=48768, episodic_return=46.304590361884294
global_step=48768, episodic_return=12.15024719744233
global_step=48896, episodic_return=17.70193166800424
global_step=48896, episodic_return=149.07507849501144
global_step=49152, episodic_return=0.2558196508907917
global_step=49152, episodic_return=49.24420836591467
global_step=49152, episodic_return=18.10494628840254
SPS: 802
global_step=49280, episodic_return=2.0067102620565875
global_step=49280, episodic_return=50.026420075322534
global_step=49536, episodic_return=142.16327695017114
global_step=49600, episodic_return=135.7316388619459
global_step=49856, episodic_return=86.97965583421389
global_step=49920, episodic_return=193.49178085383068
global_step=49984, episodic_return=118.204791534225
global_step=49984, episodic_return=71.01841614864887
global_step=50176, episodic_return=220.51568435171038
global_step=50624, episodic_return=8.50124315236963
global_step=50752, episodic_return=64.94055346675961
global_step=50816, episodic_return=67.82587660289246
global_step=51008, episodic_return=20.562478823420793
global_step=52096, episodic_return=219.82917895312966
global_step=52416, episodic_return=144.8605014422286
Traceback (most recent call last):
  File "/home/okeren/RobustRL/trainer.py", line 163, in <module>
    writer.add_scalar("charts/episodic_return", ep_r, global_step + i)
  File "/home/okeren/anaconda3/envs/natanel/lib/python3.11/site-packages/torch/utils/tensorboard/writer.py", line 386, in add_scalar
    self._get_file_writer().add_summary(summary, global_step, walltime)
  File "/home/okeren/anaconda3/envs/natanel/lib/python3.11/site-packages/torch/utils/tensorboard/writer.py", line 116, in add_summary
    self.add_event(event, global_step, walltime)
  File "/home/okeren/anaconda3/envs/natanel/lib/python3.11/site-packages/torch/utils/tensorboard/writer.py", line 100, in add_event
    self.event_writer.add_event(event)
  File "/home/okeren/anaconda3/envs/natanel/lib/python3.11/site-packages/tensorboard/summary/writer/event_file_writer.py", line 117, in add_event
    self._async_writer.write(event.SerializeToString())
  File "/home/okeren/anaconda3/envs/natanel/lib/python3.11/site-packages/tensorboard/summary/writer/event_file_writer.py", line 171, in write
    self._check_worker_status()
  File "/home/okeren/anaconda3/envs/natanel/lib/python3.11/site-packages/tensorboard/summary/writer/event_file_writer.py", line 212, in _check_worker_status
    raise exception
  File "/home/okeren/anaconda3/envs/natanel/lib/python3.11/threading.py", line 1045, in _bootstrap_inner
    self.run()
  File "/home/okeren/anaconda3/envs/natanel/lib/python3.11/site-packages/tensorboard/summary/writer/event_file_writer.py", line 244, in run
    self._run()
  File "/home/okeren/anaconda3/envs/natanel/lib/python3.11/site-packages/tensorboard/summary/writer/event_file_writer.py", line 275, in _run
    self._record_writer.write(data)
  File "/home/okeren/anaconda3/envs/natanel/lib/python3.11/site-packages/tensorboard/summary/writer/record_writer.py", line 40, in write
    self._writer.write(header + header_crc + data + footer_crc)
  File "/home/okeren/anaconda3/envs/natanel/lib/python3.11/site-packages/tensorboard/compat/tensorflow_stub/io/gfile.py", line 775, in write
    self.fs.append(self.filename, file_content, self.binary_mode)
  File "/home/okeren/anaconda3/envs/natanel/lib/python3.11/site-packages/tensorboard/compat/tensorflow_stub/io/gfile.py", line 167, in append
    self._write(filename, file_content, "ab" if binary_mode else "a")
  File "/home/okeren/anaconda3/envs/natanel/lib/python3.11/site-packages/tensorboard/compat/tensorflow_stub/io/gfile.py", line 171, in _write
    with io.open(filename, mode, encoding=encoding) as f:
         ^^^^^^^^^^^^^^^^^^^^^^^^^^^^^^^^^^^^^^^^^^
FileNotFoundError: [Errno 2] No such file or directory: b'runs/Walker2d-v5__protagonist__2__1781758066/events.out.tfevents.1781758072.CRML-RLRL2.1136931.0'
[1;34mwandb[0m: 
[1;34mwandb[0m: 🚀 View run [33mWalker2d-v5__protagonist__2__1781758066[0m at: [34mhttps://wandb.ai/uri-koren-technion-israel-institute-of-technology/RobustRL/runs/dqim2dio[0m
[1;34mwandb[0m: Find logs at: [1;35mwandb/run-20260618_004748-dqim2dio/logs[0m
